<?xml version="1.0" encoding="UTF-8"?>
<coverage generated="1704462385591" clover="3.2.0">
  <project timestamp="1704462385591" name="All files">
    <metrics statements="35" coveredstatements="21" conditionals="10" coveredconditionals="8" methods="11" coveredmethods="9" elements="56" coveredelements="38" complexity="0" loc="35" ncloc="35" packages="1" files="5" classes="5"/>
    <file name="ApiManager.ts" path="/home/jon.tyrrell/vite-project/src/ApiManager.ts">
      <metrics statements="27" coveredstatements="13" conditionals="10" coveredconditionals="8" methods="3" coveredmethods="1"/>
      <line num="2" count="0" type="stmt"/>
      <line num="3" count="0" type="stmt"/>
      <line num="4" count="0" type="stmt"/>
      <line num="5" count="0" type="stmt"/>
      <line num="12" count="0" type="stmt"/>
      <line num="13" count="0" type="stmt"/>
      <line num="14" count="0" type="stmt"/>
      <line num="16" count="0" type="cond" truecount="0" falsecount="2"/>
      <line num="17" count="0" type="stmt"/>
      <line num="19" count="0" type="stmt"/>
      <line num="20" count="0" type="stmt"/>
      <line num="21" count="0" type="stmt"/>
      <line num="23" count="0" type="stmt"/>
      <line num="24" count="0" type="stmt"/>
      <line num="30" count="5" type="stmt"/>
      <line num="32" count="5" type="cond" truecount="2" falsecount="0"/>
      <line num="33" count="1" type="stmt"/>
      <line num="34" count="4" type="cond" truecount="2" falsecount="0"/>
      <line num="35" count="1" type="stmt"/>
      <line num="36" count="3" type="cond" truecount="2" falsecount="0"/>
      <line num="37" count="1" type="stmt"/>
      <line num="38" count="2" type="cond" truecount="2" falsecount="0"/>
      <line num="39" count="1" type="stmt"/>
      <line num="41" count="1" type="stmt"/>
      <line num="44" count="5" type="stmt"/>
      <line num="45" count="5" type="stmt"/>
      <line num="46" count="5" type="stmt"/>
    </file>
    <file name="Choice2aUi.tsx" path="/home/jon.tyrrell/vite-project/src/Choice2aUi.tsx">
      <metrics statements="2" coveredstatements="2" conditionals="0" coveredconditionals="0" methods="2" coveredmethods="2"/>
      <line num="3" count="1" type="stmt"/>
      <line num="19" count="1" type="stmt"/>
    </file>
    <file name="Choice2bUi.tsx" path="/home/jon.tyrrell/vite-project/src/Choice2bUi.tsx">
      <metrics statements="2" coveredstatements="2" conditionals="0" coveredconditionals="0" methods="2" coveredmethods="2"/>
      <line num="3" count="1" type="stmt"/>
      <line num="14" count="1" type="stmt"/>
    </file>
    <file name="Choice2cUi.tsx" path="/home/jon.tyrrell/vite-project/src/Choice2cUi.tsx">
      <metrics statements="2" coveredstatements="2" conditionals="0" coveredconditionals="0" methods="2" coveredmethods="2"/>
      <line num="2" count="1" type="stmt"/>
      <line num="15" count="1" type="stmt"/>
    </file>
    <file name="Choice2dUi.tsx" path="/home/jon.tyrrell/vite-project/src/Choice2dUi.tsx">
      <metrics statements="2" coveredstatements="2" conditionals="0" coveredconditionals="0" methods="2" coveredmethods="2"/>
      <line num="3" count="1" type="stmt"/>
      <line num="15" count="1" type="stmt"/>
    </file>
  </project>
</coverage>
