<?xml version="1.0" encoding="UTF-8"?>
<coverage generated="1704724809310" clover="3.2.0">
  <project timestamp="1704724809311" name="All files">
    <metrics statements="110" coveredstatements="63" conditionals="70" coveredconditionals="40" methods="36" coveredmethods="22" elements="216" coveredelements="125" complexity="0" loc="110" ncloc="110" packages="1" files="11" classes="11"/>
    <file name="ApiManager.ts" path="/home/jon.tyrrell/vite-project/src/ApiManager.ts">
      <metrics statements="27" coveredstatements="24" conditionals="10" coveredconditionals="9" methods="3" coveredmethods="3"/>
      <line num="2" count="5" type="stmt"/>
      <line num="3" count="5" type="stmt"/>
      <line num="4" count="5" type="stmt"/>
      <line num="5" count="5" type="stmt"/>
      <line num="12" count="1" type="stmt"/>
      <line num="13" count="1" type="stmt"/>
      <line num="14" count="1" type="stmt"/>
      <line num="16" count="1" type="cond" truecount="1" falsecount="1"/>
      <line num="17" count="1" type="stmt"/>
      <line num="19" count="0" type="stmt"/>
      <line num="20" count="0" type="stmt"/>
      <line num="21" count="0" type="stmt"/>
      <line num="23" count="1" type="stmt"/>
      <line num="24" count="1" type="stmt"/>
      <line num="30" count="5" type="stmt"/>
      <line num="32" count="5" type="cond" truecount="2" falsecount="0"/>
      <line num="33" count="1" type="stmt"/>
      <line num="34" count="4" type="cond" truecount="2" falsecount="0"/>
      <line num="35" count="1" type="stmt"/>
      <line num="36" count="3" type="cond" truecount="2" falsecount="0"/>
      <line num="37" count="1" type="stmt"/>
      <line num="38" count="2" type="cond" truecount="2" falsecount="0"/>
      <line num="39" count="1" type="stmt"/>
      <line num="41" count="1" type="stmt"/>
      <line num="44" count="5" type="stmt"/>
      <line num="45" count="5" type="stmt"/>
      <line num="46" count="5" type="stmt"/>
    </file>
    <file name="App.tsx" path="/home/jon.tyrrell/vite-project/src/App.tsx">
      <metrics statements="15" coveredstatements="8" conditionals="48" coveredconditionals="30" methods="10" coveredmethods="3"/>
      <line num="19" count="10" type="stmt"/>
      <line num="20" count="9" type="stmt"/>
      <line num="21" count="9" type="stmt"/>
      <line num="22" count="9" type="stmt"/>
      <line num="23" count="9" type="stmt"/>
      <line num="24" count="9" type="stmt"/>
      <line num="25" count="9" type="stmt"/>
      <line num="74" count="0" type="stmt"/>
      <line num="76" count="0" type="stmt"/>
      <line num="90" count="1" type="stmt"/>
      <line num="91" count="0" type="stmt"/>
      <line num="135" count="0" type="stmt"/>
      <line num="138" count="0" type="stmt"/>
      <line num="143" count="0" type="stmt"/>
      <line num="146" count="0" type="stmt"/>
    </file>
    <file name="CartChoiceUi.tsx" path="/home/jon.tyrrell/vite-project/src/CartChoiceUi.tsx">
      <metrics statements="4" coveredstatements="0" conditionals="0" coveredconditionals="0" methods="4" coveredmethods="0"/>
      <line num="3" count="0" type="stmt"/>
      <line num="15" count="0" type="stmt"/>
      <line num="28" count="0" type="stmt"/>
      <line num="40" count="0" type="stmt"/>
    </file>
    <file name="Choice2aUi.tsx" path="/home/jon.tyrrell/vite-project/src/Choice2aUi.tsx">
      <metrics statements="2" coveredstatements="2" conditionals="0" coveredconditionals="0" methods="2" coveredmethods="2"/>
      <line num="3" count="1" type="stmt"/>
      <line num="19" count="1" type="stmt"/>
    </file>
    <file name="Choice2bUi.tsx" path="/home/jon.tyrrell/vite-project/src/Choice2bUi.tsx">
      <metrics statements="2" coveredstatements="2" conditionals="0" coveredconditionals="0" methods="2" coveredmethods="2"/>
      <line num="3" count="1" type="stmt"/>
      <line num="14" count="1" type="stmt"/>
    </file>
    <file name="Choice2cUi.tsx" path="/home/jon.tyrrell/vite-project/src/Choice2cUi.tsx">
      <metrics statements="2" coveredstatements="2" conditionals="0" coveredconditionals="0" methods="2" coveredmethods="2"/>
      <line num="2" count="1" type="stmt"/>
      <line num="15" count="1" type="stmt"/>
    </file>
    <file name="Choice2dUi.tsx" path="/home/jon.tyrrell/vite-project/src/Choice2dUi.tsx">
      <metrics statements="2" coveredstatements="2" conditionals="0" coveredconditionals="0" methods="2" coveredmethods="2"/>
      <line num="3" count="1" type="stmt"/>
      <line num="15" count="1" type="stmt"/>
    </file>
    <file name="SaveFile.ts" path="/home/jon.tyrrell/vite-project/src/SaveFile.ts">
      <metrics statements="23" coveredstatements="0" conditionals="6" coveredconditionals="0" methods="3" coveredmethods="0"/>
      <line num="25" count="0" type="stmt"/>
      <line num="26" count="0" type="stmt"/>
      <line num="27" count="0" type="stmt"/>
      <line num="28" count="0" type="stmt"/>
      <line num="29" count="0" type="stmt"/>
      <line num="30" count="0" type="stmt"/>
      <line num="35" count="0" type="cond" truecount="0" falsecount="2"/>
      <line num="36" count="0" type="stmt"/>
      <line num="39" count="0" type="stmt"/>
      <line num="40" count="0" type="stmt"/>
      <line num="41" count="0" type="stmt"/>
      <line num="42" count="0" type="stmt"/>
      <line num="43" count="0" type="cond" truecount="0" falsecount="2"/>
      <line num="44" count="0" type="stmt"/>
      <line num="47" count="0" type="stmt"/>
      <line num="48" count="0" type="stmt"/>
      <line num="49" count="0" type="stmt"/>
      <line num="53" count="0" type="stmt"/>
      <line num="59" count="0" type="cond" truecount="0" falsecount="2"/>
      <line num="60" count="0" type="stmt"/>
      <line num="63" count="0" type="stmt"/>
      <line num="71" count="0" type="stmt"/>
      <line num="72" count="0" type="stmt"/>
    </file>
    <file name="Test.ts" path="/home/jon.tyrrell/vite-project/src/Test.ts">
      <metrics statements="17" coveredstatements="7" conditionals="6" coveredconditionals="1" methods="1" coveredmethods="1"/>
      <line num="7" count="1" type="cond" truecount="1" falsecount="1"/>
      <line num="8" count="1" type="stmt"/>
      <line num="9" count="0" type="cond" truecount="0" falsecount="2"/>
      <line num="10" count="0" type="stmt"/>
      <line num="13" count="1" type="stmt"/>
      <line num="14" count="1" type="stmt"/>
      <line num="16" count="1" type="stmt"/>
      <line num="17" count="1" type="stmt"/>
      <line num="18" count="0" type="stmt"/>
      <line num="20" count="0" type="cond" truecount="0" falsecount="2"/>
      <line num="21" count="0" type="stmt"/>
      <line num="22" count="0" type="stmt"/>
      <line num="23" count="0" type="stmt"/>
      <line num="27" count="0" type="stmt"/>
      <line num="28" count="0" type="stmt"/>
      <line num="29" count="0" type="stmt"/>
      <line num="33" count="1" type="stmt"/>
    </file>
    <file name="Userinput.tsx" path="/home/jon.tyrrell/vite-project/src/Userinput.tsx">
      <metrics statements="14" coveredstatements="14" conditionals="0" coveredconditionals="0" methods="6" coveredmethods="6"/>
      <line num="5" count="10" type="stmt"/>
      <line num="6" count="10" type="stmt"/>
      <line num="7" count="1" type="stmt"/>
      <line num="8" count="1" type="stmt"/>
      <line num="9" count="1" type="stmt"/>
      <line num="10" count="1" type="stmt"/>
      <line num="12" count="10" type="stmt"/>
      <line num="18" count="1" type="stmt"/>
      <line num="28" count="10" type="stmt"/>
      <line num="29" count="10" type="stmt"/>
      <line num="30" count="1" type="stmt"/>
      <line num="31" count="1" type="stmt"/>
      <line num="34" count="10" type="stmt"/>
      <line num="40" count="1" type="stmt"/>
    </file>
    <file name="startUp.ts" path="/home/jon.tyrrell/vite-project/src/startUp.ts">
      <metrics statements="2" coveredstatements="2" conditionals="0" coveredconditionals="0" methods="1" coveredmethods="1"/>
      <line num="6" count="5" type="stmt"/>
      <line num="7" count="5" type="stmt"/>
    </file>
  </project>
</coverage>
