{"/home/jon.tyrrell/vite-project/src/ApiManager.ts": {"path":"/home/jon.tyrrell/vite-project/src/ApiManager.ts","statementMap":{"0":{"start":{"line":2,"column":21},"end":{"line":2,"column":101}},"1":{"start":{"line":3,"column":20},"end":{"line":3,"column":41}},"2":{"start":{"line":4,"column":19},"end":{"line":4,"column":98}},"3":{"start":{"line":5,"column":4},"end":{"line":5,"column":26}},"4":{"start":{"line":12,"column":4},"end":{"line":12,"column":41}},"5":{"start":{"line":13,"column":4},"end":{"line":25,"column":5}},"6":{"start":{"line":14,"column":25},"end":{"line":14,"column":47}},"7":{"start":{"line":16,"column":8},"end":{"line":18,"column":9}},"8":{"start":{"line":17,"column":12},"end":{"line":17,"column":80}},"9":{"start":{"line":19,"column":24},"end":{"line":19,"column":45}},"10":{"start":{"line":20,"column":8},"end":{"line":20,"column":44}},"11":{"start":{"line":21,"column":7},"end":{"line":21,"column":47}},"12":{"start":{"line":23,"column":8},"end":{"line":23,"column":53}},"13":{"start":{"line":24,"column":8},"end":{"line":24,"column":20}},"14":{"start":{"line":30,"column":24},"end":{"line":30,"column":25}},"15":{"start":{"line":32,"column":0},"end":{"line":42,"column":1}},"16":{"start":{"line":33,"column":4},"end":{"line":33,"column":19}},"17":{"start":{"line":34,"column":7},"end":{"line":42,"column":1}},"18":{"start":{"line":35,"column":4},"end":{"line":35,"column":19}},"19":{"start":{"line":36,"column":7},"end":{"line":42,"column":1}},"20":{"start":{"line":37,"column":4},"end":{"line":37,"column":19}},"21":{"start":{"line":38,"column":7},"end":{"line":42,"column":1}},"22":{"start":{"line":39,"column":4},"end":{"line":39,"column":16}},"23":{"start":{"line":41,"column":0},"end":{"line":41,"column":34}},"24":{"start":{"line":44,"column":0},"end":{"line":44,"column":54}},"25":{"start":{"line":45,"column":0},"end":{"line":45,"column":39}},"26":{"start":{"line":46,"column":0},"end":{"line":46,"column":17}}},"fnMap":{"0":{"name":"deckFetch","decl":{"start":{"line":1,"column":15},"end":{"line":1,"column":24}},"loc":{"start":{"line":1,"column":39},"end":{"line":6,"column":1}},"line":1},"1":{"name":"getCard","decl":{"start":{"line":11,"column":15},"end":{"line":11,"column":22}},"loc":{"start":{"line":11,"column":42},"end":{"line":26,"column":1}},"line":11},"2":{"name":"CardLogic","decl":{"start":{"line":28,"column":9},"end":{"line":28,"column":18}},"loc":{"start":{"line":28,"column":34},"end":{"line":47,"column":1}},"line":28}},"branchMap":{"0":{"loc":{"start":{"line":16,"column":8},"end":{"line":18,"column":9}},"type":"if","locations":[{"start":{"line":16,"column":8},"end":{"line":18,"column":9}},{"start":{},"end":{}}],"line":16},"1":{"loc":{"start":{"line":32,"column":0},"end":{"line":42,"column":1}},"type":"if","locations":[{"start":{"line":32,"column":0},"end":{"line":42,"column":1}},{"start":{"line":34,"column":7},"end":{"line":42,"column":1}}],"line":32},"2":{"loc":{"start":{"line":34,"column":7},"end":{"line":42,"column":1}},"type":"if","locations":[{"start":{"line":34,"column":7},"end":{"line":42,"column":1}},{"start":{"line":36,"column":7},"end":{"line":42,"column":1}}],"line":34},"3":{"loc":{"start":{"line":36,"column":7},"end":{"line":42,"column":1}},"type":"if","locations":[{"start":{"line":36,"column":7},"end":{"line":42,"column":1}},{"start":{"line":38,"column":7},"end":{"line":42,"column":1}}],"line":36},"4":{"loc":{"start":{"line":38,"column":7},"end":{"line":42,"column":1}},"type":"if","locations":[{"start":{"line":38,"column":7},"end":{"line":42,"column":1}},{"start":{"line":40,"column":7},"end":{"line":42,"column":1}}],"line":38}},"s":{"0":3,"1":3,"2":3,"3":3,"4":0,"5":0,"6":0,"7":0,"8":0,"9":0,"10":0,"11":0,"12":0,"13":0,"14":5,"15":5,"16":1,"17":4,"18":1,"19":3,"20":1,"21":2,"22":1,"23":1,"24":5,"25":5,"26":5},"f":{"0":3,"1":0,"2":5},"b":{"0":[0,0],"1":[1,4],"2":[1,3],"3":[1,2],"4":[1,1]},"_coverageSchema":"1a1c01bbd47fc00a2c39e90264f33305004495a9","hash":"b70653f06cefc3b536ce8b41f0f0fb1cb30d7b8e"}
,"/home/jon.tyrrell/vite-project/src/App.tsx": {"path":"/home/jon.tyrrell/vite-project/src/App.tsx","statementMap":{"0":{"start":{"line":19,"column":23},"end":{"line":19,"column":35}},"1":{"start":{"line":20,"column":35},"end":{"line":20,"column":54}},"2":{"start":{"line":21,"column":39},"end":{"line":21,"column":51}},"3":{"start":{"line":22,"column":39},"end":{"line":22,"column":51}},"4":{"start":{"line":23,"column":0},"end":{"line":23,"column":44}},"5":{"start":{"line":23,"column":15},"end":{"line":23,"column":40}},"6":{"start":{"line":25,"column":2},"end":{"line":179,"column":4}},"7":{"start":{"line":74,"column":30},"end":{"line":74,"column":88}},"8":{"start":{"line":76,"column":31},"end":{"line":76,"column":96}},"9":{"start":{"line":90,"column":60},"end":{"line":90,"column":148}},"10":{"start":{"line":91,"column":52},"end":{"line":91,"column":139}},"11":{"start":{"line":135,"column":31},"end":{"line":135,"column":118}},"12":{"start":{"line":138,"column":31},"end":{"line":138,"column":117}},"13":{"start":{"line":143,"column":31},"end":{"line":143,"column":118}},"14":{"start":{"line":146,"column":31},"end":{"line":146,"column":117}}},"fnMap":{"0":{"name":"App","decl":{"start":{"line":17,"column":9},"end":{"line":17,"column":12}},"loc":{"start":{"line":17,"column":15},"end":{"line":180,"column":1}},"line":17},"1":{"name":"(anonymous_1)","decl":{"start":{"line":23,"column":10},"end":{"line":23,"column":11}},"loc":{"start":{"line":23,"column":15},"end":{"line":23,"column":40}},"line":23},"2":{"name":"(anonymous_2)","decl":{"start":{"line":74,"column":25},"end":{"line":74,"column":26}},"loc":{"start":{"line":74,"column":29},"end":{"line":74,"column":89}},"line":74},"3":{"name":"(anonymous_3)","decl":{"start":{"line":76,"column":26},"end":{"line":76,"column":27}},"loc":{"start":{"line":76,"column":30},"end":{"line":76,"column":97}},"line":76},"4":{"name":"(anonymous_4)","decl":{"start":{"line":90,"column":55},"end":{"line":90,"column":56}},"loc":{"start":{"line":90,"column":59},"end":{"line":90,"column":149}},"line":90},"5":{"name":"(anonymous_5)","decl":{"start":{"line":91,"column":47},"end":{"line":91,"column":48}},"loc":{"start":{"line":91,"column":51},"end":{"line":91,"column":140}},"line":91},"6":{"name":"(anonymous_6)","decl":{"start":{"line":135,"column":26},"end":{"line":135,"column":27}},"loc":{"start":{"line":135,"column":30},"end":{"line":135,"column":119}},"line":135},"7":{"name":"(anonymous_7)","decl":{"start":{"line":138,"column":26},"end":{"line":138,"column":27}},"loc":{"start":{"line":138,"column":30},"end":{"line":138,"column":118}},"line":138},"8":{"name":"(anonymous_8)","decl":{"start":{"line":143,"column":26},"end":{"line":143,"column":27}},"loc":{"start":{"line":143,"column":30},"end":{"line":143,"column":119}},"line":143},"9":{"name":"(anonymous_9)","decl":{"start":{"line":146,"column":26},"end":{"line":146,"column":27}},"loc":{"start":{"line":146,"column":30},"end":{"line":146,"column":118}},"line":146}},"branchMap":{"0":{"loc":{"start":{"line":88,"column":10},"end":{"line":92,"column":14}},"type":"binary-expr","locations":[{"start":{"line":88,"column":10},"end":{"line":88,"column":39}},{"start":{"line":89,"column":8},"end":{"line":92,"column":14}}],"line":88},"1":{"loc":{"start":{"line":101,"column":11},"end":{"line":102,"column":35}},"type":"binary-expr","locations":[{"start":{"line":101,"column":11},"end":{"line":101,"column":32}},{"start":{"line":102,"column":12},"end":{"line":102,"column":35}}],"line":101},"2":{"loc":{"start":{"line":106,"column":11},"end":{"line":107,"column":32}},"type":"binary-expr","locations":[{"start":{"line":106,"column":11},"end":{"line":106,"column":32}},{"start":{"line":107,"column":12},"end":{"line":107,"column":32}}],"line":106},"3":{"loc":{"start":{"line":111,"column":11},"end":{"line":112,"column":35}},"type":"binary-expr","locations":[{"start":{"line":111,"column":11},"end":{"line":111,"column":32}},{"start":{"line":112,"column":12},"end":{"line":112,"column":35}}],"line":111},"4":{"loc":{"start":{"line":114,"column":11},"end":{"line":115,"column":32}},"type":"binary-expr","locations":[{"start":{"line":114,"column":11},"end":{"line":114,"column":32}},{"start":{"line":115,"column":12},"end":{"line":115,"column":32}}],"line":114},"5":{"loc":{"start":{"line":121,"column":9},"end":{"line":125,"column":12}},"type":"binary-expr","locations":[{"start":{"line":121,"column":10},"end":{"line":121,"column":31}},{"start":{"line":121,"column":36},"end":{"line":121,"column":57}},{"start":{"line":122,"column":9},"end":{"line":125,"column":12}}],"line":121},"6":{"loc":{"start":{"line":126,"column":9},"end":{"line":130,"column":10}},"type":"binary-expr","locations":[{"start":{"line":126,"column":10},"end":{"line":126,"column":31}},{"start":{"line":126,"column":36},"end":{"line":126,"column":57}},{"start":{"line":127,"column":6},"end":{"line":130,"column":10}}],"line":126},"7":{"loc":{"start":{"line":134,"column":9},"end":{"line":136,"column":85}},"type":"binary-expr","locations":[{"start":{"line":134,"column":9},"end":{"line":134,"column":37}},{"start":{"line":134,"column":42},"end":{"line":134,"column":63}},{"start":{"line":134,"column":68},"end":{"line":134,"column":89}},{"start":{"line":135,"column":8},"end":{"line":136,"column":85}}],"line":134},"8":{"loc":{"start":{"line":137,"column":9},"end":{"line":139,"column":73}},"type":"binary-expr","locations":[{"start":{"line":137,"column":9},"end":{"line":137,"column":37}},{"start":{"line":137,"column":42},"end":{"line":137,"column":63}},{"start":{"line":137,"column":68},"end":{"line":137,"column":89}},{"start":{"line":138,"column":8},"end":{"line":139,"column":73}}],"line":137},"9":{"loc":{"start":{"line":142,"column":9},"end":{"line":144,"column":55}},"type":"binary-expr","locations":[{"start":{"line":142,"column":9},"end":{"line":142,"column":37}},{"start":{"line":142,"column":42},"end":{"line":142,"column":63}},{"start":{"line":142,"column":68},"end":{"line":142,"column":89}},{"start":{"line":143,"column":8},"end":{"line":144,"column":55}}],"line":142},"10":{"loc":{"start":{"line":145,"column":9},"end":{"line":147,"column":80}},"type":"binary-expr","locations":[{"start":{"line":145,"column":9},"end":{"line":145,"column":37}},{"start":{"line":145,"column":42},"end":{"line":145,"column":63}},{"start":{"line":145,"column":68},"end":{"line":145,"column":89}},{"start":{"line":146,"column":8},"end":{"line":147,"column":80}}],"line":145},"11":{"loc":{"start":{"line":151,"column":9},"end":{"line":152,"column":27}},"type":"binary-expr","locations":[{"start":{"line":151,"column":9},"end":{"line":151,"column":29}},{"start":{"line":152,"column":7},"end":{"line":152,"column":27}}],"line":151},"12":{"loc":{"start":{"line":154,"column":9},"end":{"line":155,"column":24}},"type":"binary-expr","locations":[{"start":{"line":154,"column":9},"end":{"line":154,"column":29}},{"start":{"line":155,"column":7},"end":{"line":155,"column":24}}],"line":154},"13":{"loc":{"start":{"line":157,"column":9},"end":{"line":158,"column":27}},"type":"binary-expr","locations":[{"start":{"line":157,"column":9},"end":{"line":157,"column":29}},{"start":{"line":158,"column":7},"end":{"line":158,"column":27}}],"line":157},"14":{"loc":{"start":{"line":160,"column":9},"end":{"line":161,"column":24}},"type":"binary-expr","locations":[{"start":{"line":160,"column":9},"end":{"line":160,"column":29}},{"start":{"line":161,"column":7},"end":{"line":161,"column":24}}],"line":160},"15":{"loc":{"start":{"line":163,"column":9},"end":{"line":164,"column":27}},"type":"binary-expr","locations":[{"start":{"line":163,"column":9},"end":{"line":163,"column":29}},{"start":{"line":164,"column":7},"end":{"line":164,"column":27}}],"line":163},"16":{"loc":{"start":{"line":166,"column":9},"end":{"line":167,"column":24}},"type":"binary-expr","locations":[{"start":{"line":166,"column":9},"end":{"line":166,"column":29}},{"start":{"line":167,"column":7},"end":{"line":167,"column":24}}],"line":166},"17":{"loc":{"start":{"line":169,"column":9},"end":{"line":170,"column":27}},"type":"binary-expr","locations":[{"start":{"line":169,"column":9},"end":{"line":169,"column":29}},{"start":{"line":170,"column":7},"end":{"line":170,"column":27}}],"line":169},"18":{"loc":{"start":{"line":172,"column":9},"end":{"line":173,"column":24}},"type":"binary-expr","locations":[{"start":{"line":172,"column":9},"end":{"line":172,"column":29}},{"start":{"line":173,"column":7},"end":{"line":173,"column":24}}],"line":172}},"s":{"0":6,"1":5,"2":5,"3":5,"4":5,"5":3,"6":5,"7":0,"8":0,"9":0,"10":0,"11":0,"12":0,"13":0,"14":0},"f":{"0":6,"1":3,"2":0,"3":0,"4":0,"5":0,"6":0,"7":0,"8":0,"9":0},"b":{"0":[5,5],"1":[5,0],"2":[5,0],"3":[5,0],"4":[5,0],"5":[5,5,0],"6":[5,5,0],"7":[5,5,5,0],"8":[5,5,5,0],"9":[5,5,5,0],"10":[5,5,5,0],"11":[5,0],"12":[5,0],"13":[5,0],"14":[5,0],"15":[5,0],"16":[5,0],"17":[5,0],"18":[5,0]},"_coverageSchema":"1a1c01bbd47fc00a2c39e90264f33305004495a9","hash":"a53c8ec940645c07f5f4dce47893a3a85f3d704f"}
,"/home/jon.tyrrell/vite-project/src/CartChoiceUi.tsx": {"path":"/home/jon.tyrrell/vite-project/src/CartChoiceUi.tsx","statementMap":{"0":{"start":{"line":3,"column":4},"end":{"line":10,"column":5}},"1":{"start":{"line":15,"column":4},"end":{"line":23,"column":5}},"2":{"start":{"line":28,"column":4},"end":{"line":35,"column":5}},"3":{"start":{"line":40,"column":4},"end":{"line":46,"column":5}}},"fnMap":{"0":{"name":"CartChoice1SuccessUi","decl":{"start":{"line":1,"column":9},"end":{"line":1,"column":29}},"loc":{"start":{"line":1,"column":31},"end":{"line":12,"column":1}},"line":1},"1":{"name":"CartChoice1FailUi","decl":{"start":{"line":13,"column":9},"end":{"line":13,"column":26}},"loc":{"start":{"line":13,"column":28},"end":{"line":25,"column":1}},"line":13},"2":{"name":"CartChoice2SuccessUi","decl":{"start":{"line":26,"column":9},"end":{"line":26,"column":29}},"loc":{"start":{"line":26,"column":31},"end":{"line":37,"column":1}},"line":26},"3":{"name":"CartChoice2FailUi","decl":{"start":{"line":38,"column":9},"end":{"line":38,"column":26}},"loc":{"start":{"line":38,"column":28},"end":{"line":48,"column":1}},"line":38}},"branchMap":{},"s":{"0":0,"1":0,"2":0,"3":0},"f":{"0":0,"1":0,"2":0,"3":0},"b":{},"_coverageSchema":"1a1c01bbd47fc00a2c39e90264f33305004495a9","hash":"f7f8d6b66d5ed4a027aa6b26b41977d8cd7e2cb8"}
,"/home/jon.tyrrell/vite-project/src/Choice2aUi.tsx": {"path":"/home/jon.tyrrell/vite-project/src/Choice2aUi.tsx","statementMap":{"0":{"start":{"line":3,"column":0},"end":{"line":15,"column":1}},"1":{"start":{"line":19,"column":0},"end":{"line":30,"column":1}}},"fnMap":{"0":{"name":"Choice2aSuccessUi","decl":{"start":{"line":2,"column":9},"end":{"line":2,"column":26}},"loc":{"start":{"line":2,"column":28},"end":{"line":16,"column":1}},"line":2},"1":{"name":"Choice2aFailUi","decl":{"start":{"line":18,"column":9},"end":{"line":18,"column":23}},"loc":{"start":{"line":18,"column":25},"end":{"line":31,"column":1}},"line":18}},"branchMap":{},"s":{"0":1,"1":1},"f":{"0":1,"1":1},"b":{},"_coverageSchema":"1a1c01bbd47fc00a2c39e90264f33305004495a9","hash":"33b2dca40c8d5e92932748792a177cbb79b9cbf6"}
,"/home/jon.tyrrell/vite-project/src/Choice2bUi.tsx": {"path":"/home/jon.tyrrell/vite-project/src/Choice2bUi.tsx","statementMap":{"0":{"start":{"line":3,"column":4},"end":{"line":10,"column":5}},"1":{"start":{"line":14,"column":4},"end":{"line":23,"column":5}}},"fnMap":{"0":{"name":"Choice2bSuccessUi","decl":{"start":{"line":2,"column":9},"end":{"line":2,"column":26}},"loc":{"start":{"line":2,"column":28},"end":{"line":11,"column":1}},"line":2},"1":{"name":"Choice2bFailUi","decl":{"start":{"line":13,"column":9},"end":{"line":13,"column":23}},"loc":{"start":{"line":13,"column":25},"end":{"line":24,"column":1}},"line":13}},"branchMap":{},"s":{"0":1,"1":1},"f":{"0":1,"1":1},"b":{},"_coverageSchema":"1a1c01bbd47fc00a2c39e90264f33305004495a9","hash":"a2e3e4e57a289ed7a48284f0a30ba0681c70c725"}
,"/home/jon.tyrrell/vite-project/src/Choice2cUi.tsx": {"path":"/home/jon.tyrrell/vite-project/src/Choice2cUi.tsx","statementMap":{"0":{"start":{"line":2,"column":4},"end":{"line":12,"column":5}},"1":{"start":{"line":15,"column":4},"end":{"line":23,"column":1}}},"fnMap":{"0":{"name":"Choice2cSuccessUi","decl":{"start":{"line":1,"column":9},"end":{"line":1,"column":26}},"loc":{"start":{"line":1,"column":28},"end":{"line":12,"column":6}},"line":1},"1":{"name":"Choice2cFailUi","decl":{"start":{"line":14,"column":9},"end":{"line":14,"column":23}},"loc":{"start":{"line":14,"column":25},"end":{"line":23,"column":2}},"line":14}},"branchMap":{},"s":{"0":1,"1":1},"f":{"0":1,"1":1},"b":{},"_coverageSchema":"1a1c01bbd47fc00a2c39e90264f33305004495a9","hash":"09f3b8388680b993d24275cf9007d54b6b446e87"}
,"/home/jon.tyrrell/vite-project/src/Choice2dUi.tsx": {"path":"/home/jon.tyrrell/vite-project/src/Choice2dUi.tsx","statementMap":{"0":{"start":{"line":3,"column":4},"end":{"line":11,"column":5}},"1":{"start":{"line":15,"column":4},"end":{"line":24,"column":5}}},"fnMap":{"0":{"name":"Choice2dSuccessUi","decl":{"start":{"line":2,"column":9},"end":{"line":2,"column":26}},"loc":{"start":{"line":2,"column":28},"end":{"line":12,"column":1}},"line":2},"1":{"name":"Choice2dFailUi","decl":{"start":{"line":14,"column":9},"end":{"line":14,"column":23}},"loc":{"start":{"line":14,"column":25},"end":{"line":25,"column":1}},"line":14}},"branchMap":{},"s":{"0":1,"1":1},"f":{"0":1,"1":1},"b":{},"_coverageSchema":"1a1c01bbd47fc00a2c39e90264f33305004495a9","hash":"9e316ce68d3551ed4b93f34d96afe171cf8639db"}
,"/home/jon.tyrrell/vite-project/src/SaveFile.ts": {"path":"/home/jon.tyrrell/vite-project/src/SaveFile.ts","statementMap":{"0":{"start":{"line":25,"column":4},"end":{"line":25,"column":14}},"1":{"start":{"line":26,"column":4},"end":{"line":26,"column":27}},"2":{"start":{"line":27,"column":4},"end":{"line":27,"column":25}},"3":{"start":{"line":28,"column":4},"end":{"line":28,"column":31}},"4":{"start":{"line":29,"column":4},"end":{"line":29,"column":23}},"5":{"start":{"line":30,"column":4},"end":{"line":30,"column":37}},"6":{"start":{"line":35,"column":4},"end":{"line":55,"column":1}},"7":{"start":{"line":36,"column":8},"end":{"line":36,"column":70}},"8":{"start":{"line":39,"column":4},"end":{"line":54,"column":5}},"9":{"start":{"line":40,"column":4},"end":{"line":40,"column":61}},"10":{"start":{"line":41,"column":20},"end":{"line":41,"column":50}},"11":{"start":{"line":42,"column":20},"end":{"line":42,"column":41}},"12":{"start":{"line":43,"column":4},"end":{"line":45,"column":5}},"13":{"start":{"line":44,"column":8},"end":{"line":44,"column":64}},"14":{"start":{"line":47,"column":4},"end":{"line":47,"column":43}},"15":{"start":{"line":48,"column":4},"end":{"line":48,"column":38}},"16":{"start":{"line":49,"column":4},"end":{"line":49,"column":38}},"17":{"start":{"line":53,"column":4},"end":{"line":53,"column":54}},"18":{"start":{"line":59,"column":4},"end":{"line":73,"column":5}},"19":{"start":{"line":60,"column":8},"end":{"line":60,"column":68}},"20":{"start":{"line":63,"column":26},"end":{"line":70,"column":11}},"21":{"start":{"line":71,"column":8},"end":{"line":71,"column":64}},"22":{"start":{"line":72,"column":8},"end":{"line":72,"column":51}}},"fnMap":{"0":{"name":"(anonymous_0)","decl":{"start":{"line":16,"column":4},"end":{"line":16,"column":5}},"loc":{"start":{"line":24,"column":4},"end":{"line":31,"column":5}},"line":24},"1":{"name":"readSaveGame","decl":{"start":{"line":34,"column":9},"end":{"line":34,"column":21}},"loc":{"start":{"line":34,"column":87},"end":{"line":56,"column":1}},"line":34},"2":{"name":"writeSaveGame","decl":{"start":{"line":58,"column":9},"end":{"line":58,"column":22}},"loc":{"start":{"line":58,"column":109},"end":{"line":74,"column":1}},"line":58}},"branchMap":{"0":{"loc":{"start":{"line":35,"column":4},"end":{"line":55,"column":1}},"type":"if","locations":[{"start":{"line":35,"column":4},"end":{"line":55,"column":1}},{"start":{"line":38,"column":9},"end":{"line":55,"column":1}}],"line":35},"1":{"loc":{"start":{"line":43,"column":4},"end":{"line":45,"column":5}},"type":"if","locations":[{"start":{"line":43,"column":4},"end":{"line":45,"column":5}},{"start":{},"end":{}}],"line":43},"2":{"loc":{"start":{"line":59,"column":4},"end":{"line":73,"column":5}},"type":"if","locations":[{"start":{"line":59,"column":4},"end":{"line":73,"column":5}},{"start":{"line":62,"column":9},"end":{"line":73,"column":5}}],"line":59}},"s":{"0":0,"1":0,"2":0,"3":0,"4":0,"5":0,"6":0,"7":0,"8":0,"9":0,"10":0,"11":0,"12":0,"13":0,"14":0,"15":0,"16":0,"17":0,"18":0,"19":0,"20":0,"21":0,"22":0},"f":{"0":0,"1":0,"2":0},"b":{"0":[0,0],"1":[0,0],"2":[0,0]},"_coverageSchema":"1a1c01bbd47fc00a2c39e90264f33305004495a9","hash":"1c66e4af517e0e619a411e70a207d6d2e5549253"}
,"/home/jon.tyrrell/vite-project/src/Test.ts": {"path":"/home/jon.tyrrell/vite-project/src/Test.ts","statementMap":{"0":{"start":{"line":7,"column":4},"end":{"line":11,"column":5}},"1":{"start":{"line":8,"column":8},"end":{"line":8,"column":20}},"2":{"start":{"line":9,"column":11},"end":{"line":11,"column":5}},"3":{"start":{"line":10,"column":8},"end":{"line":10,"column":20}},"4":{"start":{"line":13,"column":8},"end":{"line":13,"column":58}},"5":{"start":{"line":14,"column":8},"end":{"line":14,"column":57}},"6":{"start":{"line":16,"column":8},"end":{"line":34,"column":9}},"7":{"start":{"line":17,"column":30},"end":{"line":17,"column":54}},"8":{"start":{"line":18,"column":12},"end":{"line":18,"column":60}},"9":{"start":{"line":20,"column":12},"end":{"line":31,"column":13}},"10":{"start":{"line":21,"column":16},"end":{"line":21,"column":38}},"11":{"start":{"line":22,"column":16},"end":{"line":22,"column":47}},"12":{"start":{"line":23,"column":16},"end":{"line":23,"column":63}},"13":{"start":{"line":27,"column":16},"end":{"line":27,"column":38}},"14":{"start":{"line":28,"column":16},"end":{"line":28,"column":47}},"15":{"start":{"line":29,"column":16},"end":{"line":29,"column":65}},"16":{"start":{"line":33,"column":12},"end":{"line":33,"column":63}}},"fnMap":{"0":{"name":"CardPlay","decl":{"start":{"line":3,"column":15},"end":{"line":3,"column":23}},"loc":{"start":{"line":4,"column":69},"end":{"line":35,"column":5}},"line":4}},"branchMap":{"0":{"loc":{"start":{"line":7,"column":4},"end":{"line":11,"column":5}},"type":"if","locations":[{"start":{"line":7,"column":4},"end":{"line":11,"column":5}},{"start":{"line":9,"column":11},"end":{"line":11,"column":5}}],"line":7},"1":{"loc":{"start":{"line":9,"column":11},"end":{"line":11,"column":5}},"type":"if","locations":[{"start":{"line":9,"column":11},"end":{"line":11,"column":5}},{"start":{},"end":{}}],"line":9},"2":{"loc":{"start":{"line":20,"column":12},"end":{"line":31,"column":13}},"type":"if","locations":[{"start":{"line":20,"column":12},"end":{"line":31,"column":13}},{"start":{"line":26,"column":16},"end":{"line":31,"column":13}}],"line":20}},"s":{"0":0,"1":0,"2":0,"3":0,"4":0,"5":0,"6":0,"7":0,"8":0,"9":0,"10":0,"11":0,"12":0,"13":0,"14":0,"15":0,"16":0},"f":{"0":0},"b":{"0":[0,0],"1":[0,0],"2":[0,0]},"_coverageSchema":"1a1c01bbd47fc00a2c39e90264f33305004495a9","hash":"d6be8f9320bf1c213a041baeea150a7149fcbd41"}
,"/home/jon.tyrrell/vite-project/src/Userinput.tsx": {"path":"/home/jon.tyrrell/vite-project/src/Userinput.tsx","statementMap":{"0":{"start":{"line":5,"column":31},"end":{"line":5,"column":43}},"1":{"start":{"line":6,"column":23},"end":{"line":11,"column":5}},"2":{"start":{"line":7,"column":6},"end":{"line":7,"column":29}},"3":{"start":{"line":8,"column":6},"end":{"line":8,"column":22}},"4":{"start":{"line":9,"column":6},"end":{"line":9,"column":26}},"5":{"start":{"line":10,"column":6},"end":{"line":10,"column":51}},"6":{"start":{"line":12,"column":2},"end":{"line":24,"column":3}},"7":{"start":{"line":18,"column":23},"end":{"line":18,"column":49}},"8":{"start":{"line":28,"column":42},"end":{"line":28,"column":54}},"9":{"start":{"line":29,"column":23},"end":{"line":33,"column":5}},"10":{"start":{"line":30,"column":6},"end":{"line":30,"column":29}},"11":{"start":{"line":31,"column":6},"end":{"line":31,"column":34}},"12":{"start":{"line":34,"column":2},"end":{"line":48,"column":3}},"13":{"start":{"line":40,"column":31},"end":{"line":40,"column":63}}},"fnMap":{"0":{"name":"NameForm","decl":{"start":{"line":4,"column":9},"end":{"line":4,"column":17}},"loc":{"start":{"line":4,"column":28},"end":{"line":25,"column":1}},"line":4},"1":{"name":"(anonymous_1)","decl":{"start":{"line":6,"column":23},"end":{"line":6,"column":24}},"loc":{"start":{"line":6,"column":56},"end":{"line":11,"column":5}},"line":6},"2":{"name":"(anonymous_2)","decl":{"start":{"line":18,"column":16},"end":{"line":18,"column":17}},"loc":{"start":{"line":18,"column":23},"end":{"line":18,"column":49}},"line":18},"3":{"name":"ProfessionForm","decl":{"start":{"line":27,"column":9},"end":{"line":27,"column":23}},"loc":{"start":{"line":27,"column":40},"end":{"line":50,"column":1}},"line":27},"4":{"name":"(anonymous_4)","decl":{"start":{"line":29,"column":23},"end":{"line":29,"column":24}},"loc":{"start":{"line":29,"column":56},"end":{"line":33,"column":5}},"line":29},"5":{"name":"(anonymous_5)","decl":{"start":{"line":40,"column":24},"end":{"line":40,"column":25}},"loc":{"start":{"line":40,"column":31},"end":{"line":40,"column":63}},"line":40}},"branchMap":{},"s":{"0":6,"1":6,"2":1,"3":1,"4":1,"5":1,"6":6,"7":1,"8":5,"9":5,"10":0,"11":0,"12":5,"13":0},"f":{"0":6,"1":1,"2":1,"3":5,"4":0,"5":0},"b":{},"_coverageSchema":"1a1c01bbd47fc00a2c39e90264f33305004495a9","hash":"143b4b8d5a084733dccf835c542abd2ec361eef0"}
,"/home/jon.tyrrell/vite-project/src/startUp.ts": {"path":"/home/jon.tyrrell/vite-project/src/startUp.ts","statementMap":{"0":{"start":{"line":6,"column":1},"end":{"line":6,"column":25}}},"fnMap":{"0":{"name":"startUp","decl":{"start":{"line":5,"column":9},"end":{"line":5,"column":16}},"loc":{"start":{"line":5,"column":31},"end":{"line":13,"column":1}},"line":5}},"branchMap":{},"s":{"0":3},"f":{"0":3},"b":{},"_coverageSchema":"1a1c01bbd47fc00a2c39e90264f33305004495a9","hash":"ca16b8129490b66bc997631a0fe1c9dbc7fc5387"}
}
