{"/home/jon.tyrrell/vite-project/src/ApiManager.ts": {"path":"/home/jon.tyrrell/vite-project/src/ApiManager.ts","statementMap":{"0":{"start":{"line":2,"column":21},"end":{"line":2,"column":101}},"1":{"start":{"line":3,"column":20},"end":{"line":3,"column":41}},"2":{"start":{"line":4,"column":19},"end":{"line":4,"column":98}},"3":{"start":{"line":5,"column":4},"end":{"line":5,"column":26}},"4":{"start":{"line":12,"column":4},"end":{"line":12,"column":41}},"5":{"start":{"line":13,"column":4},"end":{"line":25,"column":5}},"6":{"start":{"line":14,"column":25},"end":{"line":14,"column":47}},"7":{"start":{"line":16,"column":8},"end":{"line":18,"column":9}},"8":{"start":{"line":17,"column":12},"end":{"line":17,"column":80}},"9":{"start":{"line":19,"column":24},"end":{"line":19,"column":45}},"10":{"start":{"line":20,"column":8},"end":{"line":20,"column":44}},"11":{"start":{"line":21,"column":7},"end":{"line":21,"column":47}},"12":{"start":{"line":23,"column":8},"end":{"line":23,"column":53}},"13":{"start":{"line":24,"column":8},"end":{"line":24,"column":20}},"14":{"start":{"line":30,"column":24},"end":{"line":30,"column":25}},"15":{"start":{"line":32,"column":0},"end":{"line":42,"column":1}},"16":{"start":{"line":33,"column":4},"end":{"line":33,"column":19}},"17":{"start":{"line":34,"column":7},"end":{"line":42,"column":1}},"18":{"start":{"line":35,"column":4},"end":{"line":35,"column":19}},"19":{"start":{"line":36,"column":7},"end":{"line":42,"column":1}},"20":{"start":{"line":37,"column":4},"end":{"line":37,"column":19}},"21":{"start":{"line":38,"column":7},"end":{"line":42,"column":1}},"22":{"start":{"line":39,"column":4},"end":{"line":39,"column":16}},"23":{"start":{"line":41,"column":0},"end":{"line":41,"column":34}},"24":{"start":{"line":44,"column":0},"end":{"line":44,"column":54}},"25":{"start":{"line":45,"column":0},"end":{"line":45,"column":39}},"26":{"start":{"line":46,"column":0},"end":{"line":46,"column":17}}},"fnMap":{"0":{"name":"deckFetch","decl":{"start":{"line":1,"column":15},"end":{"line":1,"column":24}},"loc":{"start":{"line":1,"column":39},"end":{"line":6,"column":1}},"line":1},"1":{"name":"getCard","decl":{"start":{"line":11,"column":15},"end":{"line":11,"column":22}},"loc":{"start":{"line":11,"column":42},"end":{"line":26,"column":1}},"line":11},"2":{"name":"CardLogic","decl":{"start":{"line":28,"column":9},"end":{"line":28,"column":18}},"loc":{"start":{"line":28,"column":34},"end":{"line":47,"column":1}},"line":28}},"branchMap":{"0":{"loc":{"start":{"line":16,"column":8},"end":{"line":18,"column":9}},"type":"if","locations":[{"start":{"line":16,"column":8},"end":{"line":18,"column":9}},{"start":{},"end":{}}],"line":16},"1":{"loc":{"start":{"line":32,"column":0},"end":{"line":42,"column":1}},"type":"if","locations":[{"start":{"line":32,"column":0},"end":{"line":42,"column":1}},{"start":{"line":34,"column":7},"end":{"line":42,"column":1}}],"line":32},"2":{"loc":{"start":{"line":34,"column":7},"end":{"line":42,"column":1}},"type":"if","locations":[{"start":{"line":34,"column":7},"end":{"line":42,"column":1}},{"start":{"line":36,"column":7},"end":{"line":42,"column":1}}],"line":34},"3":{"loc":{"start":{"line":36,"column":7},"end":{"line":42,"column":1}},"type":"if","locations":[{"start":{"line":36,"column":7},"end":{"line":42,"column":1}},{"start":{"line":38,"column":7},"end":{"line":42,"column":1}}],"line":36},"4":{"loc":{"start":{"line":38,"column":7},"end":{"line":42,"column":1}},"type":"if","locations":[{"start":{"line":38,"column":7},"end":{"line":42,"column":1}},{"start":{"line":40,"column":7},"end":{"line":42,"column":1}}],"line":38}},"s":{"0":0,"1":0,"2":0,"3":0,"4":0,"5":0,"6":0,"7":0,"8":0,"9":0,"10":0,"11":0,"12":0,"13":0,"14":5,"15":5,"16":1,"17":4,"18":1,"19":3,"20":1,"21":2,"22":1,"23":1,"24":5,"25":5,"26":5},"f":{"0":0,"1":0,"2":5},"b":{"0":[0,0],"1":[1,4],"2":[1,3],"3":[1,2],"4":[1,1]},"_coverageSchema":"1a1c01bbd47fc00a2c39e90264f33305004495a9","hash":"b70653f06cefc3b536ce8b41f0f0fb1cb30d7b8e"}
}
