TN:
SF:src/ApiManager.ts
FN:1,deckFetch
FN:11,getCard
FN:28,CardLogic
FNF:3
FNH:2
FNDA:3,deckFetch
FNDA:0,getCard
FNDA:5,CardLogic
DA:2,3
DA:3,3
DA:4,3
DA:5,3
DA:12,0
DA:13,0
DA:14,0
DA:16,0
DA:17,0
DA:19,0
DA:20,0
DA:21,0
DA:23,0
DA:24,0
DA:30,5
DA:32,5
DA:33,1
DA:34,4
DA:35,1
DA:36,3
DA:37,1
DA:38,2
DA:39,1
DA:41,1
DA:44,5
DA:45,5
DA:46,5
LF:27
LH:17
BRDA:16,0,0,0
BRDA:16,0,1,0
BRDA:32,1,0,1
BRDA:32,1,1,4
BRDA:34,2,0,1
BRDA:34,2,1,3
BRDA:36,3,0,1
BRDA:36,3,1,2
BRDA:38,4,0,1
BRDA:38,4,1,1
BRF:10
BRH:8
end_of_record
TN:
SF:src/App.tsx
FN:17,App
FN:23,(anonymous_1)
FN:74,(anonymous_2)
FN:76,(anonymous_3)
FN:90,(anonymous_4)
FN:91,(anonymous_5)
FN:135,(anonymous_6)
FN:138,(anonymous_7)
FN:143,(anonymous_8)
FN:146,(anonymous_9)
FNF:10
FNH:2
FNDA:6,App
FNDA:3,(anonymous_1)
FNDA:0,(anonymous_2)
FNDA:0,(anonymous_3)
FNDA:0,(anonymous_4)
FNDA:0,(anonymous_5)
FNDA:0,(anonymous_6)
FNDA:0,(anonymous_7)
FNDA:0,(anonymous_8)
FNDA:0,(anonymous_9)
DA:19,6
DA:20,5
DA:21,5
DA:22,5
DA:23,5
DA:25,5
DA:74,0
DA:76,0
DA:90,0
DA:91,0
DA:135,0
DA:138,0
DA:143,0
DA:146,0
LF:14
LH:6
BRDA:88,0,0,5
BRDA:88,0,1,5
BRDA:101,1,0,5
BRDA:101,1,1,0
BRDA:106,2,0,5
BRDA:106,2,1,0
BRDA:111,3,0,5
BRDA:111,3,1,0
BRDA:114,4,0,5
BRDA:114,4,1,0
BRDA:121,5,0,5
BRDA:121,5,1,5
BRDA:121,5,2,0
BRDA:126,6,0,5
BRDA:126,6,1,5
BRDA:126,6,2,0
BRDA:134,7,0,5
BRDA:134,7,1,5
BRDA:134,7,2,5
BRDA:134,7,3,0
BRDA:137,8,0,5
BRDA:137,8,1,5
BRDA:137,8,2,5
BRDA:137,8,3,0
BRDA:142,9,0,5
BRDA:142,9,1,5
BRDA:142,9,2,5
BRDA:142,9,3,0
BRDA:145,10,0,5
BRDA:145,10,1,5
BRDA:145,10,2,5
BRDA:145,10,3,0
BRDA:151,11,0,5
BRDA:151,11,1,0
BRDA:154,12,0,5
BRDA:154,12,1,0
BRDA:157,13,0,5
BRDA:157,13,1,0
BRDA:160,14,0,5
BRDA:160,14,1,0
BRDA:163,15,0,5
BRDA:163,15,1,0
BRDA:166,16,0,5
BRDA:166,16,1,0
BRDA:169,17,0,5
BRDA:169,17,1,0
BRDA:172,18,0,5
BRDA:172,18,1,0
BRF:48
BRH:30
end_of_record
TN:
SF:src/CartChoiceUi.tsx
FN:1,CartChoice1SuccessUi
FN:13,CartChoice1FailUi
FN:26,CartChoice2SuccessUi
FN:38,CartChoice2FailUi
FNF:4
FNH:0
FNDA:0,CartChoice1SuccessUi
FNDA:0,CartChoice1FailUi
FNDA:0,CartChoice2SuccessUi
FNDA:0,CartChoice2FailUi
DA:3,0
DA:15,0
DA:28,0
DA:40,0
LF:4
LH:0
BRF:0
BRH:0
end_of_record
TN:
SF:src/Choice2aUi.tsx
FN:2,Choice2aSuccessUi
FN:18,Choice2aFailUi
FNF:2
FNH:2
FNDA:1,Choice2aSuccessUi
FNDA:1,Choice2aFailUi
DA:3,1
DA:19,1
LF:2
LH:2
BRF:0
BRH:0
end_of_record
TN:
SF:src/Choice2bUi.tsx
FN:2,Choice2bSuccessUi
FN:13,Choice2bFailUi
FNF:2
FNH:2
FNDA:1,Choice2bSuccessUi
FNDA:1,Choice2bFailUi
DA:3,1
DA:14,1
LF:2
LH:2
BRF:0
BRH:0
end_of_record
TN:
SF:src/Choice2cUi.tsx
FN:1,Choice2cSuccessUi
FN:14,Choice2cFailUi
FNF:2
FNH:2
FNDA:1,Choice2cSuccessUi
FNDA:1,Choice2cFailUi
DA:2,1
DA:15,1
LF:2
LH:2
BRF:0
BRH:0
end_of_record
TN:
SF:src/Choice2dUi.tsx
FN:2,Choice2dSuccessUi
FN:14,Choice2dFailUi
FNF:2
FNH:2
FNDA:1,Choice2dSuccessUi
FNDA:1,Choice2dFailUi
DA:3,1
DA:15,1
LF:2
LH:2
BRF:0
BRH:0
end_of_record
TN:
SF:src/SaveFile.ts
FN:16,(anonymous_0)
FN:34,readSaveGame
FN:58,writeSaveGame
FNF:3
FNH:0
FNDA:0,(anonymous_0)
FNDA:0,readSaveGame
FNDA:0,writeSaveGame
DA:25,0
DA:26,0
DA:27,0
DA:28,0
DA:29,0
DA:30,0
DA:35,0
DA:36,0
DA:39,0
DA:40,0
DA:41,0
DA:42,0
DA:43,0
DA:44,0
DA:47,0
DA:48,0
DA:49,0
DA:53,0
DA:59,0
DA:60,0
DA:63,0
DA:71,0
DA:72,0
LF:23
LH:0
BRDA:35,0,0,0
BRDA:35,0,1,0
BRDA:43,1,0,0
BRDA:43,1,1,0
BRDA:59,2,0,0
BRDA:59,2,1,0
BRF:6
BRH:0
end_of_record
TN:
SF:src/Test.ts
FN:3,CardPlay
FNF:1
FNH:0
FNDA:0,CardPlay
DA:7,0
DA:8,0
DA:9,0
DA:10,0
DA:13,0
DA:14,0
DA:16,0
DA:17,0
DA:18,0
DA:20,0
DA:21,0
DA:22,0
DA:23,0
DA:27,0
DA:28,0
DA:29,0
DA:33,0
LF:17
LH:0
BRDA:7,0,0,0
BRDA:7,0,1,0
BRDA:9,1,0,0
BRDA:9,1,1,0
BRDA:20,2,0,0
BRDA:20,2,1,0
BRF:6
BRH:0
end_of_record
TN:
SF:src/Userinput.tsx
FN:4,NameForm
FN:6,(anonymous_1)
FN:18,(anonymous_2)
FN:27,ProfessionForm
FN:29,(anonymous_4)
FN:40,(anonymous_5)
FNF:6
FNH:4
FNDA:6,NameForm
FNDA:1,(anonymous_1)
FNDA:1,(anonymous_2)
FNDA:5,ProfessionForm
FNDA:0,(anonymous_4)
FNDA:0,(anonymous_5)
DA:5,6
DA:6,6
DA:7,1
DA:8,1
DA:9,1
DA:10,1
DA:12,6
DA:18,1
DA:28,5
DA:29,5
DA:30,0
DA:31,0
DA:34,5
DA:40,0
LF:14
LH:11
BRF:0
BRH:0
end_of_record
TN:
SF:src/startUp.ts
FN:5,startUp
FNF:1
FNH:1
FNDA:3,startUp
DA:6,3
LF:1
LH:1
BRF:0
BRH:0
end_of_record
